# JRE version: OpenJDK Runtime Environment Zulu21.28+85-CA (21.0+35) (build 21+35)
# Java VM: OpenJDK 64-Bit Server VM Zulu21.28+85-CA (21+35, mixed mode, sharing, tiered, compressed oops, compressed class ptrs, g1 gc, windows-amd64)
GC Precious Log:
 CardTable entry size: 512
 Card Set container configuration: InlinePtr #cards 5 size 8 Array Of Cards #cards 12 size 40 Howl #buckets 4 coarsen threshold 1843 Howl Bitmap #cards 512 size 80 coarsen threshold 460 Card regions per heap region 1 cards per card region 2048
 CPUs: 4 total, 4 available
 Memory: 8158M
 Large Page Support: Disabled
 NUMA Support: Disabled
 Compressed Oops: Enabled (32-bit)
 Heap Region Size: 1M
 Heap Min Capacity: 8M
 Heap Initial Capacity: 8M
 Heap Max Capacity: 2040M
 Pre-touch: Disabled
 Parallel Workers: 4
 Concurrent Workers: 1
 Concurrent Refinement Workers: 4
 Periodic GC: Disabled
Heap:
 garbage-first heap   total 24576K, used 12736K [0x0000000080800000, 0x0000000100000000)
  region size 1024K, 7 young (7168K), 1 survivors (1024K)
 Metaspace       used 9400K, committed 9536K, reserved 1114112K
  class space    used 1057K, committed 1152K, reserved 1048576K
GC Heap History (20 events):
Event: 0.732 GC heap before
{Heap before GC invocations=2 (full 0):
 garbage-first heap   total 8192K, used 2322K [0x0000000080800000, 0x0000000100000000)
  region size 1024K, 2 young (2048K), 1 survivors (1024K)
 Metaspace       used 4546K, committed 4736K, reserved 1114112K
  class space    used 562K, committed 640K, reserved 1048576K
}
Event: 0.734 GC heap after
{Heap after GC invocations=3 (full 0):
 garbage-first heap   total 8192K, used 1754K [0x0000000080800000, 0x0000000100000000)
  region size 1024K, 1 young (1024K), 1 survivors (1024K)
 Metaspace       used 4546K, committed 4736K, reserved 1114112K
  class space    used 562K, committed 640K, reserved 1048576K
}
Event: 0.915 GC heap before
{Heap before GC invocations=3 (full 0):
 garbage-first heap   total 8192K, used 2778K [0x0000000080800000, 0x0000000100000000)
  region size 1024K, 2 young (2048K), 1 survivors (1024K)
 Metaspace       used 6628K, committed 6848K, reserved 1114112K
  class space    used 775K, committed 896K, reserved 1048576K
}
Event: 0.919 GC heap after
{Heap after GC invocations=4 (full 0):
 garbage-first heap   total 8192K, used 2209K [0x0000000080800000, 0x0000000100000000)
  region size 1024K, 1 young (1024K), 1 survivors (1024K)
 Metaspace       used 6628K, committed 6848K, reserved 1114112K
  class space    used 775K, committed 896K, reserved 1048576K
}
Event: 1.017 GC heap before
{Heap before GC invocations=4 (full 0):
 garbage-first heap   total 8192K, used 2209K [0x0000000080800000, 0x0000000100000000)
  region size 1024K, 2 young (2048K), 1 survivors (1024K)
 Metaspace       used 7010K, committed 7168K, reserved 1114112K
  class space    used 823K, committed 896K, reserved 1048576K
}
Event: 1.020 GC heap after
{Heap after GC invocations=5 (full 0):
 garbage-first heap   total 8192K, used 3214K [0x0000000080800000, 0x0000000100000000)
  region size 1024K, 1 young (1024K), 1 survivors (1024K)
 Metaspace       used 7010K, committed 7168K, reserved 1114112K
  class space    used 823K, committed 896K, reserved 1048576K
}
Event: 1.176 GC heap before
{Heap before GC invocations=5 (full 0):
 garbage-first heap   total 8192K, used 4238K [0x0000000080800000, 0x0000000100000000)
  region size 1024K, 2 young (2048K), 1 survivors (1024K)
 Metaspace       used 7936K, committed 8128K, reserved 1114112K
  class space    used 895K, committed 1024K, reserved 1048576K
}
Event: 1.181 GC heap after
{Heap after GC invocations=6 (full 0):
 garbage-first heap   total 11264K, used 3405K [0x0000000080800000, 0x0000000100000000)
  region size 1024K, 1 young (1024K), 1 survivors (1024K)
 Metaspace       used 7936K, committed 8128K, reserved 1114112K
  class space    used 895K, committed 1024K, reserved 1048576K
}
Event: 1.376 GC heap before
{Heap before GC invocations=6 (full 0):
 garbage-first heap   total 11264K, used 5453K [0x0000000080800000, 0x0000000100000000)
  region size 1024K, 3 young (3072K), 1 survivors (1024K)
 Metaspace       used 8483K, committed 8640K, reserved 1114112K
  class space    used 955K, committed 1024K, reserved 1048576K
}
Event: 1.381 GC heap after
{Heap after GC invocations=7 (full 0):
 garbage-first heap   total 11264K, used 4287K [0x0000000080800000, 0x0000000100000000)
  region size 1024K, 1 young (1024K), 1 survivors (1024K)
 Metaspace       used 8483K, committed 8640K, reserved 1114112K
  class space    used 955K, committed 1024K, reserved 1048576K
}
Event: 1.592 GC heap before
{Heap before GC invocations=7 (full 0):
 garbage-first heap   total 11264K, used 6335K [0x0000000080800000, 0x0000000100000000)
  region size 1024K, 3 young (3072K), 1 survivors (1024K)
 Metaspace       used 8755K, committed 8896K, reserved 1114112K
  class space    used 984K, committed 1024K, reserved 1048576K
}
Event: 1.596 GC heap after
{Heap after GC invocations=8 (full 0):
 garbage-first heap   total 11264K, used 5249K [0x0000000080800000, 0x0000000100000000)
  region size 1024K, 1 young (1024K), 1 survivors (1024K)
 Metaspace       used 8755K, committed 8896K, reserved 1114112K
  class space    used 984K, committed 1024K, reserved 1048576K
}
Event: 1.620 GC heap before
{Heap before GC invocations=8 (full 0):
 garbage-first heap   total 11264K, used 6273K [0x0000000080800000, 0x0000000100000000)
  region size 1024K, 2 young (2048K), 1 survivors (1024K)
 Metaspace       used 8757K, committed 8896K, reserved 1114112K
  class space    used 984K, committed 1024K, reserved 1048576K
}
Event: 1.625 GC heap after
{Heap after GC invocations=9 (full 0):
 garbage-first heap   total 11264K, used 5536K [0x0000000080800000, 0x0000000100000000)
  region size 1024K, 1 young (1024K), 1 survivors (1024K)
 Metaspace       used 8757K, committed 8896K, reserved 1114112K
  class space    used 984K, committed 1024K, reserved 1048576K
}
Event: 1.669 GC heap before
{Heap before GC invocations=10 (full 0):
 garbage-first heap   total 14336K, used 6560K [0x0000000080800000, 0x0000000100000000)
  region size 1024K, 2 young (2048K), 1 survivors (1024K)
 Metaspace       used 8757K, committed 8896K, reserved 1114112K
  class space    used 984K, committed 1024K, reserved 1048576K
}
Event: 1.673 GC heap after
{Heap after GC invocations=11 (full 0):
 garbage-first heap   total 14336K, used 6361K [0x0000000080800000, 0x0000000100000000)
  region size 1024K, 1 young (1024K), 1 survivors (1024K)
 Metaspace       used 8757K, committed 8896K, reserved 1114112K
  class space    used 984K, committed 1024K, reserved 1048576K
}
Event: 1.823 GC heap before
{Heap before GC invocations=11 (full 0):
 garbage-first heap   total 14336K, used 8409K [0x0000000080800000, 0x0000000100000000)
  region size 1024K, 3 young (3072K), 1 survivors (1024K)
 Metaspace       used 8764K, committed 8896K, reserved 1114112K
  class space    used 984K, committed 1024K, reserved 1048576K
}
Event: 1.826 GC heap after
{Heap after GC invocations=12 (full 0):
 garbage-first heap   total 24576K, used 6554K [0x0000000080800000, 0x0000000100000000)
  region size 1024K, 1 young (1024K), 1 survivors (1024K)
 Metaspace       used 8764K, committed 8896K, reserved 1114112K
  class space    used 984K, committed 1024K, reserved 1048576K
}
Event: 2.300 GC heap before
{Heap before GC invocations=12 (full 0):
 garbage-first heap   total 24576K, used 13722K [0x0000000080800000, 0x0000000100000000)
  region size 1024K, 8 young (8192K), 1 survivors (1024K)
 Metaspace       used 9129K, committed 9280K, reserved 1114112K
  class space    used 1030K, committed 1088K, reserved 1048576K
}
Event: 2.304 GC heap after
{Heap after GC invocations=13 (full 0):
 garbage-first heap   total 24576K, used 7616K [0x0000000080800000, 0x0000000100000000)
  region size 1024K, 1 young (1024K), 1 survivors (1024K)
 Metaspace       used 9129K, committed 9280K, reserved 1114112K
  class space    used 1030K, committed 1088K, reserved 1048576K
}

