# JRE version: OpenJDK Runtime Environment Zulu21.28+85-CA (21.0+35) (build 21+35)
# Java VM: OpenJDK 64-Bit Server VM Zulu21.28+85-CA (21+35, mixed mode, sharing, tiered, compressed oops, compressed class ptrs, g1 gc, windows-amd64)
GC Precious Log:
 CardTable entry size: 512
 Card Set container configuration: InlinePtr #cards 5 size 8 Array Of Cards #cards 12 size 40 Howl #buckets 4 coarsen threshold 1843 Howl Bitmap #cards 512 size 80 coarsen threshold 460 Card regions per heap region 1 cards per card region 2048
 CPUs: 4 total, 4 available
 Memory: 8158M
 Large Page Support: Disabled
 NUMA Support: Disabled
 Compressed Oops: Enabled (32-bit)
 Heap Region Size: 1M
 Heap Min Capacity: 8M
 Heap Initial Capacity: 8M
 Heap Max Capacity: 2040M
 Pre-touch: Disabled
 Parallel Workers: 4
 Concurrent Workers: 1
 Concurrent Refinement Workers: 4
 Periodic GC: Disabled
Heap:
 garbage-first heap   total 25600K, used 12726K [0x0000000080800000, 0x0000000100000000)
  region size 1024K, 5 young (5120K), 2 survivors (2048K)
 Metaspace       used 9471K, committed 9600K, reserved 1114112K
  class space    used 1057K, committed 1088K, reserved 1048576K
GC Heap History (20 events):
Event: 1.007 GC heap before
{Heap before GC invocations=4 (full 0):
 garbage-first heap   total 8192K, used 2243K [0x0000000080800000, 0x0000000100000000)
  region size 1024K, 2 young (2048K), 1 survivors (1024K)
 Metaspace       used 7011K, committed 7168K, reserved 1114112K
  class space    used 824K, committed 896K, reserved 1048576K
}
Event: 1.009 GC heap after
{Heap after GC invocations=5 (full 0):
 garbage-first heap   total 8192K, used 3057K [0x0000000080800000, 0x0000000100000000)
  region size 1024K, 1 young (1024K), 1 survivors (1024K)
 Metaspace       used 7011K, committed 7168K, reserved 1114112K
  class space    used 824K, committed 896K, reserved 1048576K
}
Event: 1.207 GC heap before
{Heap before GC invocations=5 (full 0):
 garbage-first heap   total 8192K, used 4081K [0x0000000080800000, 0x0000000100000000)
  region size 1024K, 2 young (2048K), 1 survivors (1024K)
 Metaspace       used 7983K, committed 8192K, reserved 1114112K
  class space    used 898K, committed 1024K, reserved 1048576K
}
Event: 1.213 GC heap after
{Heap after GC invocations=6 (full 0):
 garbage-first heap   total 10240K, used 3414K [0x0000000080800000, 0x0000000100000000)
  region size 1024K, 1 young (1024K), 1 survivors (1024K)
 Metaspace       used 7983K, committed 8192K, reserved 1114112K
  class space    used 898K, committed 1024K, reserved 1048576K
}
Event: 1.380 GC heap before
{Heap before GC invocations=6 (full 0):
 garbage-first heap   total 10240K, used 5462K [0x0000000080800000, 0x0000000100000000)
  region size 1024K, 3 young (3072K), 1 survivors (1024K)
 Metaspace       used 8562K, committed 8704K, reserved 1114112K
  class space    used 959K, committed 1024K, reserved 1048576K
}
Event: 1.386 GC heap after
{Heap after GC invocations=7 (full 0):
 garbage-first heap   total 10240K, used 4217K [0x0000000080800000, 0x0000000100000000)
  region size 1024K, 1 young (1024K), 1 survivors (1024K)
 Metaspace       used 8562K, committed 8704K, reserved 1114112K
  class space    used 959K, committed 1024K, reserved 1048576K
}
Event: 1.497 GC heap before
{Heap before GC invocations=7 (full 0):
 garbage-first heap   total 10240K, used 5241K [0x0000000080800000, 0x0000000100000000)
  region size 1024K, 2 young (2048K), 1 survivors (1024K)
 Metaspace       used 8817K, committed 8960K, reserved 1114112K
  class space    used 987K, committed 1024K, reserved 1048576K
}
Event: 1.501 GC heap after
{Heap after GC invocations=8 (full 0):
 garbage-first heap   total 10240K, used 5048K [0x0000000080800000, 0x0000000100000000)
  region size 1024K, 1 young (1024K), 1 survivors (1024K)
 Metaspace       used 8817K, committed 8960K, reserved 1114112K
  class space    used 987K, committed 1024K, reserved 1048576K
}
Event: 1.581 GC heap before
{Heap before GC invocations=8 (full 0):
 garbage-first heap   total 10240K, used 5048K [0x0000000080800000, 0x0000000100000000)
  region size 1024K, 2 young (2048K), 1 survivors (1024K)
 Metaspace       used 8841K, committed 8960K, reserved 1114112K
  class space    used 988K, committed 1024K, reserved 1048576K
}
Event: 1.583 GC heap after
{Heap after GC invocations=9 (full 0):
 garbage-first heap   total 10240K, used 5189K [0x0000000080800000, 0x0000000100000000)
  region size 1024K, 1 young (1024K), 1 survivors (1024K)
 Metaspace       used 8841K, committed 8960K, reserved 1114112K
  class space    used 988K, committed 1024K, reserved 1048576K
}
Event: 1.608 GC heap before
{Heap before GC invocations=10 (full 0):
 garbage-first heap   total 12288K, used 6213K [0x0000000080800000, 0x0000000100000000)
  region size 1024K, 2 young (2048K), 1 survivors (1024K)
 Metaspace       used 8841K, committed 8960K, reserved 1114112K
  class space    used 988K, committed 1024K, reserved 1048576K
}
Event: 1.612 GC heap after
{Heap after GC invocations=11 (full 0):
 garbage-first heap   total 12288K, used 5565K [0x0000000080800000, 0x0000000100000000)
  region size 1024K, 1 young (1024K), 1 survivors (1024K)
 Metaspace       used 8841K, committed 8960K, reserved 1114112K
  class space    used 988K, committed 1024K, reserved 1048576K
}
Event: 1.664 GC heap before
{Heap before GC invocations=11 (full 0):
 garbage-first heap   total 12288K, used 7613K [0x0000000080800000, 0x0000000100000000)
  region size 1024K, 3 young (3072K), 1 survivors (1024K)
 Metaspace       used 8844K, committed 8960K, reserved 1114112K
  class space    used 988K, committed 1024K, reserved 1048576K
}
Event: 1.667 GC heap after
{Heap after GC invocations=12 (full 0):
 garbage-first heap   total 25600K, used 6381K [0x0000000080800000, 0x0000000100000000)
  region size 1024K, 1 young (1024K), 1 survivors (1024K)
 Metaspace       used 8844K, committed 8960K, reserved 1114112K
  class space    used 988K, committed 1024K, reserved 1048576K
}
Event: 1.980 GC heap before
{Heap before GC invocations=12 (full 0):
 garbage-first heap   total 25600K, used 13549K [0x0000000080800000, 0x0000000100000000)
  region size 1024K, 8 young (8192K), 1 survivors (1024K)
 Metaspace       used 9153K, committed 9344K, reserved 1114112K
  class space    used 1023K, committed 1088K, reserved 1048576K
}
Event: 1.990 GC heap after
{Heap after GC invocations=13 (full 0):
 garbage-first heap   total 25600K, used 7428K [0x0000000080800000, 0x0000000100000000)
  region size 1024K, 1 young (1024K), 1 survivors (1024K)
 Metaspace       used 9153K, committed 9344K, reserved 1114112K
  class space    used 1023K, committed 1088K, reserved 1048576K
}
Event: 2.208 GC heap before
{Heap before GC invocations=13 (full 0):
 garbage-first heap   total 25600K, used 18692K [0x0000000080800000, 0x0000000100000000)
  region size 1024K, 12 young (12288K), 1 survivors (1024K)
 Metaspace       used 9276K, committed 9408K, reserved 1114112K
  class space    used 1035K, committed 1088K, reserved 1048576K
}
Event: 2.220 GC heap after
{Heap after GC invocations=14 (full 0):
 garbage-first heap   total 25600K, used 9265K [0x0000000080800000, 0x0000000100000000)
  region size 1024K, 2 young (2048K), 2 survivors (2048K)
 Metaspace       used 9276K, committed 9408K, reserved 1114112K
  class space    used 1035K, committed 1088K, reserved 1048576K
}
Event: 2.324 GC heap before
{Heap before GC invocations=14 (full 0):
 garbage-first heap   total 25600K, used 17457K [0x0000000080800000, 0x0000000100000000)
  region size 1024K, 10 young (10240K), 2 survivors (2048K)
 Metaspace       used 9283K, committed 9408K, reserved 1114112K
  class space    used 1035K, committed 1088K, reserved 1048576K
}
Event: 2.331 GC heap after
{Heap after GC invocations=15 (full 0):
 garbage-first heap   total 25600K, used 10678K [0x0000000080800000, 0x0000000100000000)
  region size 1024K, 2 young (2048K), 2 survivors (2048K)
 Metaspace       used 9283K, committed 9408K, reserved 1114112K
  class space    used 1035K, committed 1088K, reserved 1048576K
}

